<?xml version="1.0" encoding="UTF-8"?>
<!-- Generated by org.testng.reporters.JUnitReportReporter -->
<testsuite hostname="Ramya" failures="0" tests="7" name="Demo1.OrangeHRMTest" time="91.149" errors="0" timestamp="2024-08-30T19:49:48 IST" skipped="2">
  <testcase classname="Demo1.OrangeHRMTest" name="loginTest" time="2.267"/>
  <system-out/>
  <testcase classname="Demo1.OrangeHRMTest" name="addEmployee" time="9.095"/>
  <system-out/>
  <testcase classname="Demo1.OrangeHRMTest" name="searchEmployee" time="3.445"/>
  <system-out/>
  <testcase classname="Demo1.OrangeHRMTest" name="listEmployee" time="63.399"/>
  <system-out/>
  <testcase classname="Demo1.OrangeHRMTest" name="applyLeave" time="12.943"/>
  <system-out/>
  <testcase classname="Demo1.OrangeHRMTest" name="deleteEmployee">
    <skipped/>
  </testcase> <!-- deleteEmployee -->
  <system-out/>
  <testcase classname="Demo1.OrangeHRMTest" name="loginTestWithInvalidCredentials">
    <skipped/>
  </testcase> <!-- loginTestWithInvalidCredentials -->
  <system-out/>
</testsuite> <!-- Demo1.OrangeHRMTest -->
