<?xml version="1.0" encoding="UTF-8"?>
<!-- Generated by org.testng.reporters.JUnitReportReporter -->
<testsuite hostname="Ramya" failures="0" tests="5" name="Demo1.orangeHRM" time="29.089" errors="0" timestamp="2024-08-27T15:40:02 IST" skipped="1">
  <testcase classname="Demo1.orangeHRM" name="loginTest" time="2.813"/>
  <system-out/>
  <testcase classname="Demo1.orangeHRM" name="addEmployee" time="11.275"/>
  <system-out/>
  <testcase classname="Demo1.orangeHRM" name="searchEmployee" time="6.165"/>
  <system-out/>
  <testcase classname="Demo1.orangeHRM" name="deleteEmployee" time="8.836"/>
  <system-out/>
  <testcase classname="Demo1.orangeHRM" name="loginTestWithInvalidCredentials">
    <skipped/>
  </testcase> <!-- loginTestWithInvalidCredentials -->
  <system-out/>
</testsuite> <!-- Demo1.orangeHRM -->
